{"/Users/niltongonzano/RicoPE/bk_recetas/src/app.module.ts": {"path":"/Users/niltongonzano/RicoPE/bk_recetas/src/app.module.ts","statementMap":{"0":{"start":{"line":1,"column":0},"end":{"line":1,"column":40}},"1":{"start":{"line":2,"column":0},"end":{"line":2,"column":61}},"2":{"start":{"line":3,"column":0},"end":{"line":3,"column":48}},"3":{"start":{"line":4,"column":0},"end":{"line":4,"column":22}},"4":{"start":{"line":6,"column":0},"end":{"line":6,"column":54}},"5":{"start":{"line":7,"column":0},"end":{"line":7,"column":60}},"6":{"start":{"line":8,"column":0},"end":{"line":8,"column":45}},"7":{"start":{"line":9,"column":0},"end":{"line":9,"column":55}},"8":{"start":{"line":10,"column":0},"end":{"line":10,"column":65}},"9":{"start":{"line":12,"column":0},"end":{"line":12,"column":51}},"10":{"start":{"line":13,"column":0},"end":{"line":13,"column":54}},"11":{"start":{"line":78,"column":7},"end":{"line":78,"column":null}},"12":{"start":{"line":78,"column":13},"end":{"line":78,"column":22}},"13":{"start":{"line":78,"column":13},"end":{"line":78,"column":null}}},"fnMap":{},"branchMap":{},"s":{"0":0,"1":0,"2":0,"3":0,"4":0,"5":0,"6":0,"7":0,"8":0,"9":0,"10":0,"11":0,"12":0,"13":0},"f":{},"b":{}}
,"/Users/niltongonzano/RicoPE/bk_recetas/src/main.ts": {"path":"/Users/niltongonzano/RicoPE/bk_recetas/src/main.ts","statementMap":{"0":{"start":{"line":1,"column":0},"end":{"line":1,"column":48}},"1":{"start":{"line":2,"column":0},"end":{"line":2,"column":43}},"2":{"start":{"line":3,"column":0},"end":{"line":3,"column":65}},"3":{"start":{"line":5,"column":0},"end":{"line":5,"column":24}},"4":{"start":{"line":6,"column":0},"end":{"line":6,"column":43}},"5":{"start":{"line":7,"column":0},"end":{"line":7,"column":28}},"6":{"start":{"line":8,"column":0},"end":{"line":8,"column":41}},"7":{"start":{"line":9,"column":0},"end":{"line":9,"column":70}},"8":{"start":{"line":11,"column":0},"end":{"line":11,"column":72}},"9":{"start":{"line":15,"column":14},"end":{"line":15,"column":49}},"10":{"start":{"line":17,"column":2},"end":{"line":17,"column":79}},"11":{"start":{"line":18,"column":2},"end":{"line":18,"column":50}},"12":{"start":{"line":19,"column":2},"end":{"line":19,"column":54}},"13":{"start":{"line":21,"column":2},"end":{"line":21,"column":20}},"14":{"start":{"line":22,"column":2},"end":{"line":22,"column":18}},"15":{"start":{"line":23,"column":2},"end":{"line":23,"column":61}},"16":{"start":{"line":26,"column":17},"end":{"line":30,"column":12}},"17":{"start":{"line":32,"column":19},"end":{"line":32,"column":60}},"18":{"start":{"line":33,"column":2},"end":{"line":33,"column":44}},"19":{"start":{"line":35,"column":2},"end":{"line":35,"column":25}},"20":{"start":{"line":37,"column":0},"end":{"line":37,"column":12}}},"fnMap":{"0":{"name":"bootstrap","decl":{"start":{"line":13,"column":15},"end":{"line":13,"column":24}},"loc":{"start":{"line":13,"column":24},"end":{"line":36,"column":1}}}},"branchMap":{},"s":{"0":0,"1":0,"2":0,"3":0,"4":0,"5":0,"6":0,"7":0,"8":0,"9":0,"10":0,"11":0,"12":0,"13":0,"14":0,"15":0,"16":0,"17":0,"18":0,"19":0,"20":0},"f":{"0":0},"b":{}}
,"/Users/niltongonzano/RicoPE/bk_recetas/src/common/common.controller.ts": {"path":"/Users/niltongonzano/RicoPE/bk_recetas/src/common/common.controller.ts","statementMap":{"0":{"start":{"line":1,"column":0},"end":{"line":1,"column":73}},"1":{"start":{"line":2,"column":0},"end":{"line":2,"column":79}},"2":{"start":{"line":3,"column":0},"end":{"line":3,"column":78}},"3":{"start":{"line":4,"column":0},"end":{"line":4,"column":86}},"4":{"start":{"line":5,"column":0},"end":{"line":5,"column":49}},"5":{"start":{"line":9,"column":7},"end":{"line":34,"column":null}},"6":{"start":{"line":10,"column":31},"end":{"line":10,"column":46}},"7":{"start":{"line":27,"column":4},"end":{"line":27,"column":59}},"8":{"start":{"line":32,"column":4},"end":{"line":32,"column":62}},"9":{"start":{"line":9,"column":13},"end":{"line":9,"column":29}},"10":{"start":{"line":23,"column":8},"end":{"line":28,"column":null}},"11":{"start":{"line":31,"column":2},"end":{"line":33,"column":null}},"12":{"start":{"line":9,"column":13},"end":{"line":34,"column":null}}},"fnMap":{"0":{"name":"(anonymous_4)","decl":{"start":{"line":10,"column":2},"end":{"line":10,"column":31}},"loc":{"start":{"line":10,"column":59},"end":{"line":10,"column":63}}},"1":{"name":"(anonymous_5)","decl":{"start":{"line":23,"column":2},"end":{"line":23,"column":7}},"loc":{"start":{"line":25,"column":36},"end":{"line":28,"column":3}}},"2":{"name":"(anonymous_6)","decl":{"start":{"line":31,"column":2},"end":{"line":31,"column":10}},"loc":{"start":{"line":31,"column":10},"end":{"line":33,"column":3}}}},"branchMap":{},"s":{"0":0,"1":0,"2":0,"3":0,"4":0,"5":0,"6":0,"7":0,"8":0,"9":0,"10":0,"11":0,"12":0},"f":{"0":0,"1":0,"2":0},"b":{}}
,"/Users/niltongonzano/RicoPE/bk_recetas/src/common/common.module.ts": {"path":"/Users/niltongonzano/RicoPE/bk_recetas/src/common/common.module.ts","statementMap":{"0":{"start":{"line":2,"column":0},"end":{"line":2,"column":43}},"1":{"start":{"line":3,"column":0},"end":{"line":3,"column":40}},"2":{"start":{"line":4,"column":0},"end":{"line":4,"column":42}},"3":{"start":{"line":5,"column":0},"end":{"line":5,"column":58}},"4":{"start":{"line":6,"column":0},"end":{"line":6,"column":55}},"5":{"start":{"line":7,"column":0},"end":{"line":7,"column":49}},"6":{"start":{"line":21,"column":7},"end":{"line":21,"column":null}},"7":{"start":{"line":21,"column":13},"end":{"line":21,"column":25}},"8":{"start":{"line":21,"column":13},"end":{"line":21,"column":null}}},"fnMap":{},"branchMap":{},"s":{"0":0,"1":0,"2":0,"3":0,"4":0,"5":0,"6":0,"7":0,"8":0},"f":{},"b":{}}
,"/Users/niltongonzano/RicoPE/bk_recetas/src/common/common.service.ts": {"path":"/Users/niltongonzano/RicoPE/bk_recetas/src/common/common.service.ts","statementMap":{"0":{"start":{"line":1,"column":0},"end":{"line":1,"column":44}},"1":{"start":{"line":2,"column":0},"end":{"line":2,"column":null}},"2":{"start":{"line":7,"column":0},"end":{"line":7,"column":47}},"3":{"start":{"line":8,"column":0},"end":{"line":8,"column":38}},"4":{"start":{"line":9,"column":0},"end":{"line":9,"column":51}},"5":{"start":{"line":12,"column":26},"end":{"line":51,"column":null}},"6":{"start":{"line":14,"column":21},"end":{"line":14,"column":34}},"7":{"start":{"line":15,"column":21},"end":{"line":15,"column":36}},"8":{"start":{"line":17,"column":19},"end":{"line":17,"column":59}},"9":{"start":{"line":18,"column":19},"end":{"line":20,"column":4}},"10":{"start":{"line":22,"column":19},"end":{"line":29,"column":4}},"11":{"start":{"line":32,"column":16},"end":{"line":32,"column":40}},"12":{"start":{"line":34,"column":4},"end":{"line":49,"column":5}},"13":{"start":{"line":35,"column":23},"end":{"line":42,"column":null}},"14":{"start":{"line":45,"column":6},"end":{"line":45,"column":18}},"15":{"start":{"line":47,"column":6},"end":{"line":47,"column":56}},"16":{"start":{"line":48,"column":6},"end":{"line":48,"column":71}},"17":{"start":{"line":12,"column":13},"end":{"line":12,"column":26}},"18":{"start":{"line":12,"column":13},"end":{"line":51,"column":null}}},"fnMap":{"0":{"name":"(anonymous_2)","decl":{"start":{"line":13,"column":2},"end":{"line":13,"column":null}},"loc":{"start":{"line":15,"column":49},"end":{"line":16,"column":6}}},"1":{"name":"(anonymous_3)","decl":{"start":{"line":31,"column":2},"end":{"line":31,"column":7}},"loc":{"start":{"line":31,"column":55},"end":{"line":50,"column":3}}}},"branchMap":{"0":{"loc":{"start":{"line":31,"column":37},"end":{"line":31,"column":55}},"type":"default-arg","locations":[{"start":{"line":31,"column":54},"end":{"line":31,"column":55}}]}},"s":{"0":1,"1":1,"2":1,"3":1,"4":1,"5":1,"6":8,"7":8,"8":8,"9":8,"10":8,"11":8,"12":8,"13":8,"14":5,"15":3,"16":3,"17":1,"18":1},"f":{"0":8,"1":8},"b":{"0":[3]}}
,"/Users/niltongonzano/RicoPE/bk_recetas/src/common/config/api-externa.config.ts": {"path":"/Users/niltongonzano/RicoPE/bk_recetas/src/common/config/api-externa.config.ts","statementMap":{"0":{"start":{"line":1,"column":0},"end":{"line":8,"column":3}},"1":{"start":{"line":1,"column":22},"end":{"line":8,"column":2}}},"fnMap":{"0":{"name":"(anonymous_0)","decl":{"start":{"line":1,"column":15},"end":{"line":1,"column":18}},"loc":{"start":{"line":1,"column":22},"end":{"line":8,"column":2}}}},"branchMap":{},"s":{"0":0,"1":0},"f":{"0":0},"b":{}}
,"/Users/niltongonzano/RicoPE/bk_recetas/src/common/config/app.config.ts": {"path":"/Users/niltongonzano/RicoPE/bk_recetas/src/common/config/app.config.ts","statementMap":{"0":{"start":{"line":1,"column":0},"end":{"line":6,"column":3}},"1":{"start":{"line":1,"column":22},"end":{"line":6,"column":2}}},"fnMap":{"0":{"name":"(anonymous_0)","decl":{"start":{"line":1,"column":15},"end":{"line":1,"column":18}},"loc":{"start":{"line":1,"column":22},"end":{"line":6,"column":2}}}},"branchMap":{"0":{"loc":{"start":{"line":4,"column":19},"end":{"line":4,"column":45}},"type":"binary-expr","locations":[{"start":{"line":4,"column":19},"end":{"line":4,"column":35}},{"start":{"line":4,"column":39},"end":{"line":4,"column":45}}]}},"s":{"0":0,"1":0},"f":{"0":0},"b":{"0":[0,0]}}
,"/Users/niltongonzano/RicoPE/bk_recetas/src/common/config/config-keys.ts": {"path":"/Users/niltongonzano/RicoPE/bk_recetas/src/common/config/config-keys.ts","statementMap":{"0":{"start":{"line":1,"column":13},"end":{"line":25,"column":2}}},"fnMap":{},"branchMap":{},"s":{"0":1},"f":{},"b":{}}
,"/Users/niltongonzano/RicoPE/bk_recetas/src/common/config/database.config.ts": {"path":"/Users/niltongonzano/RicoPE/bk_recetas/src/common/config/database.config.ts","statementMap":{"0":{"start":{"line":1,"column":0},"end":{"line":9,"column":3}},"1":{"start":{"line":1,"column":22},"end":{"line":9,"column":2}}},"fnMap":{"0":{"name":"(anonymous_0)","decl":{"start":{"line":1,"column":15},"end":{"line":1,"column":18}},"loc":{"start":{"line":1,"column":22},"end":{"line":9,"column":2}}}},"branchMap":{"0":{"loc":{"start":{"line":4,"column":22},"end":{"line":4,"column":51}},"type":"binary-expr","locations":[{"start":{"line":4,"column":22},"end":{"line":4,"column":41}},{"start":{"line":4,"column":45},"end":{"line":4,"column":51}}]}},"s":{"0":0,"1":0},"f":{"0":0},"b":{"0":[0,0]}}
,"/Users/niltongonzano/RicoPE/bk_recetas/src/common/config/redis.conf.ts": {"path":"/Users/niltongonzano/RicoPE/bk_recetas/src/common/config/redis.conf.ts","statementMap":{"0":{"start":{"line":1,"column":0},"end":{"line":7,"column":3}},"1":{"start":{"line":1,"column":22},"end":{"line":7,"column":2}}},"fnMap":{"0":{"name":"(anonymous_0)","decl":{"start":{"line":1,"column":15},"end":{"line":1,"column":18}},"loc":{"start":{"line":1,"column":22},"end":{"line":7,"column":2}}}},"branchMap":{"0":{"loc":{"start":{"line":4,"column":19},"end":{"line":4,"column":51}},"type":"binary-expr","locations":[{"start":{"line":4,"column":19},"end":{"line":4,"column":41}},{"start":{"line":4,"column":45},"end":{"line":4,"column":51}}]}},"s":{"0":0,"1":0},"f":{"0":0},"b":{"0":[0,0]}}
,"/Users/niltongonzano/RicoPE/bk_recetas/src/common/config/typeorm.config.ts": {"path":"/Users/niltongonzano/RicoPE/bk_recetas/src/common/config/typeorm.config.ts","statementMap":{"0":{"start":{"line":3,"column":0},"end":{"line":3,"column":44}},"1":{"start":{"line":5,"column":31},"end":{"line":20,"column":1}},"2":{"start":{"line":8,"column":14},"end":{"line":8,"column":65}},"3":{"start":{"line":10,"column":2},"end":{"line":19,"column":4}},"4":{"start":{"line":5,"column":13},"end":{"line":5,"column":31}}},"fnMap":{"0":{"name":"(anonymous_0)","decl":{"start":{"line":5,"column":31},"end":{"line":5,"column":null}},"loc":{"start":{"line":7,"column":26},"end":{"line":20,"column":1}}}},"branchMap":{"0":{"loc":{"start":{"line":13,"column":10},"end":{"line":13,"column":64}},"type":"binary-expr","locations":[{"start":{"line":13,"column":10},"end":{"line":13,"column":56}},{"start":{"line":13,"column":60},"end":{"line":13,"column":64}}]}},"s":{"0":0,"1":0,"2":0,"3":0,"4":0},"f":{"0":0},"b":{"0":[0,0]}}
,"/Users/niltongonzano/RicoPE/bk_recetas/src/common/dtos/ingredient.dto.ts": {"path":"/Users/niltongonzano/RicoPE/bk_recetas/src/common/dtos/ingredient.dto.ts","statementMap":{"0":{"start":{"line":1,"column":0},"end":{"line":1,"column":46}},"1":{"start":{"line":2,"column":0},"end":{"line":2,"column":50}},"2":{"start":{"line":4,"column":0},"end":{"line":4,"column":13}},"3":{"start":{"line":5,"column":26},"end":{"line":5,"column":null}},"4":{"start":{"line":6,"column":29},"end":{"line":6,"column":null}},"5":{"start":{"line":7,"column":29},"end":{"line":7,"column":null}}},"fnMap":{},"branchMap":{},"s":{"0":0,"1":0,"2":0,"3":0,"4":0,"5":0},"f":{},"b":{}}
,"/Users/niltongonzano/RicoPE/bk_recetas/src/common/dtos/recipe.dto.ts": {"path":"/Users/niltongonzano/RicoPE/bk_recetas/src/common/dtos/recipe.dto.ts","statementMap":{"0":{"start":{"line":1,"column":0},"end":{"line":1,"column":46}},"1":{"start":{"line":2,"column":0},"end":{"line":2,"column":41}},"2":{"start":{"line":3,"column":0},"end":{"line":3,"column":70}},"3":{"start":{"line":4,"column":0},"end":{"line":4,"column":49}},"4":{"start":{"line":6,"column":0},"end":{"line":6,"column":13}},"5":{"start":{"line":7,"column":26},"end":{"line":7,"column":null}},"6":{"start":{"line":8,"column":29},"end":{"line":8,"column":null}},"7":{"start":{"line":9,"column":29},"end":{"line":9,"column":null}},"8":{"start":{"line":10,"column":26},"end":{"line":10,"column":null}},"9":{"start":{"line":11,"column":26},"end":{"line":11,"column":null}},"10":{"start":{"line":12,"column":30},"end":{"line":12,"column":null}},"11":{"start":{"line":13,"column":30},"end":{"line":13,"column":null}},"12":{"start":{"line":14,"column":30},"end":{"line":14,"column":null}},"13":{"start":{"line":19,"column":2},"end":{"line":19,"column":null}},"14":{"start":{"line":18,"column":14},"end":{"line":18,"column":27}},"15":{"start":{"line":21,"column":29},"end":{"line":21,"column":null}},"16":{"start":{"line":22,"column":29},"end":{"line":22,"column":null}}},"fnMap":{"0":{"name":"(anonymous_2)","decl":{"start":{"line":18,"column":8},"end":{"line":18,"column":11}},"loc":{"start":{"line":18,"column":14},"end":{"line":18,"column":27}}}},"branchMap":{},"s":{"0":0,"1":0,"2":0,"3":0,"4":0,"5":0,"6":0,"7":0,"8":0,"9":0,"10":0,"11":0,"12":0,"13":0,"14":0,"15":0,"16":0},"f":{"0":0},"b":{}}
,"/Users/niltongonzano/RicoPE/bk_recetas/src/filters/http-exception.filter.ts": {"path":"/Users/niltongonzano/RicoPE/bk_recetas/src/filters/http-exception.filter.ts","statementMap":{"0":{"start":{"line":1,"column":0},"end":{"line":1,"column":null}},"1":{"start":{"line":8,"column":0},"end":{"line":8,"column":57}},"2":{"start":{"line":11,"column":32},"end":{"line":42,"column":null}},"3":{"start":{"line":12,"column":19},"end":{"line":12,"column":65}},"4":{"start":{"line":15,"column":16},"end":{"line":15,"column":35}},"5":{"start":{"line":16,"column":21},"end":{"line":16,"column":38}},"6":{"start":{"line":17,"column":20},"end":{"line":17,"column":36}},"7":{"start":{"line":19,"column":28},"end":{"line":19,"column":62}},"8":{"start":{"line":20,"column":19},"end":{"line":20,"column":64}},"9":{"start":{"line":21,"column":20},"end":{"line":23,"column":31}},"10":{"start":{"line":26,"column":6},"end":{"line":26,"column":79}},"11":{"start":{"line":28,"column":4},"end":{"line":32,"column":6}},"12":{"start":{"line":34,"column":4},"end":{"line":40,"column":7}},"13":{"start":{"line":11,"column":13},"end":{"line":11,"column":32}},"14":{"start":{"line":14,"column":2},"end":{"line":41,"column":null}},"15":{"start":{"line":11,"column":13},"end":{"line":42,"column":null}}},"fnMap":{"0":{"name":"(anonymous_2)","decl":{"start":{"line":11,"column":7},"end":{"line":11,"column":13}},"loc":{"start":{"line":11,"column":7},"end":{"line":42,"column":1}}},"1":{"name":"(anonymous_3)","decl":{"start":{"line":14,"column":2},"end":{"line":14,"column":7}},"loc":{"start":{"line":14,"column":47},"end":{"line":41,"column":3}}}},"branchMap":{"0":{"loc":{"start":{"line":20,"column":19},"end":{"line":20,"column":64}},"type":"cond-expr","locations":[{"start":{"line":20,"column":37},"end":{"line":20,"column":58}},{"start":{"line":20,"column":61},"end":{"line":20,"column":64}}]},"1":{"loc":{"start":{"line":21,"column":20},"end":{"line":23,"column":31}},"type":"cond-expr","locations":[{"start":{"line":22,"column":8},"end":{"line":22,"column":31}},{"start":{"line":23,"column":8},"end":{"line":23,"column":31}}]},"2":{"loc":{"start":{"line":26,"column":6},"end":{"line":26,"column":79}},"type":"cond-expr","locations":[{"start":{"line":26,"column":35},"end":{"line":26,"column":50}},{"start":{"line":26,"column":53},"end":{"line":26,"column":79}}]},"3":{"loc":{"start":{"line":39,"column":10},"end":{"line":39,"column":60}},"type":"binary-expr","locations":[{"start":{"line":39,"column":10},"end":{"line":39,"column":47}},{"start":{"line":39,"column":51},"end":{"line":39,"column":60}}]}},"s":{"0":0,"1":0,"2":0,"3":0,"4":0,"5":0,"6":0,"7":0,"8":0,"9":0,"10":0,"11":0,"12":0,"13":0,"14":0,"15":0},"f":{"0":0,"1":0},"b":{"0":[0,0],"1":[0,0],"2":[0,0],"3":[0,0]}}
,"/Users/niltongonzano/RicoPE/bk_recetas/src/interceptors/logging.interceptor.ts": {"path":"/Users/niltongonzano/RicoPE/bk_recetas/src/interceptors/logging.interceptor.ts","statementMap":{"0":{"start":{"line":1,"column":0},"end":{"line":1,"column":null}},"1":{"start":{"line":8,"column":0},"end":{"line":8,"column":39}},"2":{"start":{"line":11,"column":7},"end":{"line":32,"column":null}},"3":{"start":{"line":12,"column":10},"end":{"line":12,"column":38}},"4":{"start":{"line":15,"column":16},"end":{"line":15,"column":51}},"5":{"start":{"line":16,"column":19},"end":{"line":16,"column":29}},"6":{"start":{"line":17,"column":16},"end":{"line":17,"column":23}},"7":{"start":{"line":19,"column":16},"end":{"line":19,"column":26}},"8":{"start":{"line":20,"column":4},"end":{"line":20,"column":58}},"9":{"start":{"line":22,"column":4},"end":{"line":30,"column":8}},"10":{"start":{"line":26,"column":10},"end":{"line":27,"column":null}},"11":{"start":{"line":11,"column":13},"end":{"line":11,"column":31}},"12":{"start":{"line":11,"column":13},"end":{"line":32,"column":null}}},"fnMap":{"0":{"name":"(anonymous_1)","decl":{"start":{"line":11,"column":7},"end":{"line":11,"column":13}},"loc":{"start":{"line":11,"column":7},"end":{"line":32,"column":1}}},"1":{"name":"(anonymous_2)","decl":{"start":{"line":14,"column":2},"end":{"line":14,"column":11}},"loc":{"start":{"line":14,"column":56},"end":{"line":31,"column":3}}},"2":{"name":"(anonymous_3)","decl":{"start":{"line":25,"column":12},"end":{"line":25,"column":15}},"loc":{"start":{"line":26,"column":10},"end":{"line":27,"column":null}}}},"branchMap":{},"s":{"0":0,"1":0,"2":0,"3":0,"4":0,"5":0,"6":0,"7":0,"8":0,"9":0,"10":0,"11":0,"12":0},"f":{"0":0,"1":0,"2":0},"b":{}}
,"/Users/niltongonzano/RicoPE/bk_recetas/src/redis/redis.module.ts": {"path":"/Users/niltongonzano/RicoPE/bk_recetas/src/redis/redis.module.ts","statementMap":{"0":{"start":{"line":1,"column":0},"end":{"line":1,"column":48}},"1":{"start":{"line":2,"column":0},"end":{"line":2,"column":47}},"2":{"start":{"line":9,"column":7},"end":{"line":9,"column":null}},"3":{"start":{"line":9,"column":13},"end":{"line":9,"column":24}},"4":{"start":{"line":9,"column":13},"end":{"line":9,"column":null}}},"fnMap":{},"branchMap":{},"s":{"0":0,"1":0,"2":0,"3":0,"4":0},"f":{},"b":{}}
,"/Users/niltongonzano/RicoPE/bk_recetas/src/redis/redis.service.ts": {"path":"/Users/niltongonzano/RicoPE/bk_recetas/src/redis/redis.service.ts","statementMap":{"0":{"start":{"line":1,"column":0},"end":{"line":1,"column":null}},"1":{"start":{"line":7,"column":0},"end":{"line":7,"column":47}},"2":{"start":{"line":8,"column":0},"end":{"line":8,"column":28}},"3":{"start":{"line":9,"column":0},"end":{"line":9,"column":59}},"4":{"start":{"line":12,"column":25},"end":{"line":62,"column":null}},"5":{"start":{"line":16,"column":31},"end":{"line":16,"column":46}},"6":{"start":{"line":14,"column":19},"end":{"line":14,"column":58}},"7":{"start":{"line":19,"column":4},"end":{"line":25,"column":7}},"8":{"start":{"line":27,"column":4},"end":{"line":29,"column":7}},"9":{"start":{"line":28,"column":6},"end":{"line":28,"column":57}},"10":{"start":{"line":31,"column":4},"end":{"line":33,"column":7}},"11":{"start":{"line":32,"column":6},"end":{"line":32,"column":49}},"12":{"start":{"line":37,"column":4},"end":{"line":37,"column":23}},"13":{"start":{"line":41,"column":23},"end":{"line":41,"column":44}},"14":{"start":{"line":42,"column":4},"end":{"line":46,"column":5}},"15":{"start":{"line":43,"column":6},"end":{"line":43,"column":65}},"16":{"start":{"line":45,"column":6},"end":{"line":45,"column":45}},"17":{"start":{"line":50,"column":18},"end":{"line":50,"column":44}},"18":{"start":{"line":51,"column":4},"end":{"line":51,"column":51}},"19":{"start":{"line":55,"column":4},"end":{"line":55,"column":32}},"20":{"start":{"line":59,"column":19},"end":{"line":59,"column":48}},"21":{"start":{"line":60,"column":4},"end":{"line":60,"column":24}},"22":{"start":{"line":12,"column":13},"end":{"line":12,"column":25}},"23":{"start":{"line":12,"column":13},"end":{"line":62,"column":null}}},"fnMap":{"0":{"name":"(anonymous_3)","decl":{"start":{"line":16,"column":2},"end":{"line":16,"column":31}},"loc":{"start":{"line":16,"column":59},"end":{"line":16,"column":63}}},"1":{"name":"(anonymous_4)","decl":{"start":{"line":18,"column":2},"end":{"line":18,"column":14}},"loc":{"start":{"line":18,"column":14},"end":{"line":34,"column":3}}},"2":{"name":"(anonymous_5)","decl":{"start":{"line":27,"column":30},"end":{"line":27,"column":33}},"loc":{"start":{"line":27,"column":35},"end":{"line":29,"column":5}}},"3":{"name":"(anonymous_6)","decl":{"start":{"line":31,"column":28},"end":{"line":31,"column":29}},"loc":{"start":{"line":31,"column":36},"end":{"line":33,"column":5}}},"4":{"name":"(anonymous_7)","decl":{"start":{"line":36,"column":2},"end":{"line":36,"column":17}},"loc":{"start":{"line":36,"column":17},"end":{"line":38,"column":3}}},"5":{"name":"(anonymous_8)","decl":{"start":{"line":40,"column":2},"end":{"line":40,"column":7}},"loc":{"start":{"line":40,"column":58},"end":{"line":47,"column":3}}},"6":{"name":"(anonymous_9)","decl":{"start":{"line":49,"column":2},"end":{"line":49,"column":7}},"loc":{"start":{"line":49,"column":26},"end":{"line":52,"column":3}}},"7":{"name":"(anonymous_10)","decl":{"start":{"line":54,"column":2},"end":{"line":54,"column":7}},"loc":{"start":{"line":54,"column":26},"end":{"line":56,"column":3}}},"8":{"name":"(anonymous_11)","decl":{"start":{"line":58,"column":2},"end":{"line":58,"column":7}},"loc":{"start":{"line":58,"column":26},"end":{"line":61,"column":3}}}},"branchMap":{"0":{"loc":{"start":{"line":42,"column":4},"end":{"line":46,"column":5}},"type":"if","locations":[{"start":{"line":42,"column":4},"end":{"line":46,"column":5}},{"start":{"line":44,"column":11},"end":{"line":46,"column":5}}]},"1":{"loc":{"start":{"line":51,"column":11},"end":{"line":51,"column":50}},"type":"cond-expr","locations":[{"start":{"line":51,"column":20},"end":{"line":51,"column":43}},{"start":{"line":51,"column":46},"end":{"line":51,"column":50}}]}},"s":{"0":0,"1":0,"2":0,"3":0,"4":0,"5":0,"6":0,"7":0,"8":0,"9":0,"10":0,"11":0,"12":0,"13":0,"14":0,"15":0,"16":0,"17":0,"18":0,"19":0,"20":0,"21":0,"22":0,"23":0},"f":{"0":0,"1":0,"2":0,"3":0,"4":0,"5":0,"6":0,"7":0,"8":0},"b":{"0":[0,0],"1":[0,0]}}
,"/Users/niltongonzano/RicoPE/bk_recetas/src/redis/decorators/cache-redis-ttl.decorator.ts": {"path":"/Users/niltongonzano/RicoPE/bk_recetas/src/redis/decorators/cache-redis-ttl.decorator.ts","statementMap":{"0":{"start":{"line":1,"column":0},"end":{"line":1,"column":45}},"1":{"start":{"line":3,"column":13},"end":{"line":3,"column":53}},"2":{"start":{"line":5,"column":29},"end":{"line":6,"column":39}},"3":{"start":{"line":6,"column":2},"end":{"line":6,"column":39}},"4":{"start":{"line":5,"column":13},"end":{"line":5,"column":29}}},"fnMap":{"0":{"name":"(anonymous_0)","decl":{"start":{"line":5,"column":29},"end":{"line":5,"column":30}},"loc":{"start":{"line":6,"column":2},"end":{"line":6,"column":39}}}},"branchMap":{},"s":{"0":0,"1":0,"2":0,"3":0,"4":0},"f":{"0":0},"b":{}}
,"/Users/niltongonzano/RicoPE/bk_recetas/src/redis/interceptors/cache-redis.interceptor.ts": {"path":"/Users/niltongonzano/RicoPE/bk_recetas/src/redis/interceptors/cache-redis.interceptor.ts","statementMap":{"0":{"start":{"line":1,"column":0},"end":{"line":1,"column":null}},"1":{"start":{"line":8,"column":0},"end":{"line":8,"column":41}},"2":{"start":{"line":9,"column":0},"end":{"line":9,"column":38}},"3":{"start":{"line":10,"column":0},"end":{"line":10,"column":37}},"4":{"start":{"line":11,"column":0},"end":{"line":11,"column":78}},"5":{"start":{"line":12,"column":0},"end":{"line":12,"column":48}},"6":{"start":{"line":15,"column":34},"end":{"line":51,"column":null}},"7":{"start":{"line":18,"column":21},"end":{"line":18,"column":35}},"8":{"start":{"line":19,"column":21},"end":{"line":19,"column":32}},"9":{"start":{"line":16,"column":19},"end":{"line":16,"column":67}},"10":{"start":{"line":26,"column":20},"end":{"line":26,"column":55}},"11":{"start":{"line":27,"column":16},"end":{"line":27,"column":58}},"12":{"start":{"line":29,"column":16},"end":{"line":31,"column":null}},"13":{"start":{"line":34,"column":4},"end":{"line":36,"column":5}},"14":{"start":{"line":35,"column":6},"end":{"line":35,"column":27}},"15":{"start":{"line":38,"column":19},"end":{"line":38,"column":56}},"16":{"start":{"line":39,"column":4},"end":{"line":42,"column":5}},"17":{"start":{"line":40,"column":6},"end":{"line":40,"column":58}},"18":{"start":{"line":41,"column":6},"end":{"line":41,"column":24}},"19":{"start":{"line":44,"column":4},"end":{"line":49,"column":6}},"20":{"start":{"line":46,"column":8},"end":{"line":46,"column":75}},"21":{"start":{"line":47,"column":8},"end":{"line":47,"column":56}},"22":{"start":{"line":15,"column":13},"end":{"line":15,"column":34}},"23":{"start":{"line":15,"column":13},"end":{"line":51,"column":null}}},"fnMap":{"0":{"name":"(anonymous_2)","decl":{"start":{"line":17,"column":2},"end":{"line":17,"column":null}},"loc":{"start":{"line":19,"column":41},"end":{"line":20,"column":6}}},"1":{"name":"(anonymous_3)","decl":{"start":{"line":22,"column":2},"end":{"line":22,"column":7}},"loc":{"start":{"line":24,"column":21},"end":{"line":50,"column":3}}},"2":{"name":"(anonymous_4)","decl":{"start":{"line":45,"column":10},"end":{"line":45,"column":15}},"loc":{"start":{"line":45,"column":29},"end":{"line":48,"column":7}}}},"branchMap":{"0":{"loc":{"start":{"line":34,"column":4},"end":{"line":36,"column":5}},"type":"if","locations":[{"start":{"line":34,"column":4},"end":{"line":36,"column":5}}]},"1":{"loc":{"start":{"line":39,"column":4},"end":{"line":42,"column":5}},"type":"if","locations":[{"start":{"line":39,"column":4},"end":{"line":42,"column":5}}]}},"s":{"0":0,"1":0,"2":0,"3":0,"4":0,"5":0,"6":0,"7":0,"8":0,"9":0,"10":0,"11":0,"12":0,"13":0,"14":0,"15":0,"16":0,"17":0,"18":0,"19":0,"20":0,"21":0,"22":0,"23":0},"f":{"0":0,"1":0,"2":0},"b":{"0":[0],"1":[0]}}
,"/Users/niltongonzano/RicoPE/bk_recetas/src/sentry/sentry.module.ts": {"path":"/Users/niltongonzano/RicoPE/bk_recetas/src/sentry/sentry.module.ts","statementMap":{"0":{"start":{"line":1,"column":0},"end":{"line":1,"column":48}},"1":{"start":{"line":2,"column":0},"end":{"line":2,"column":49}},"2":{"start":{"line":9,"column":7},"end":{"line":9,"column":null}},"3":{"start":{"line":9,"column":13},"end":{"line":9,"column":25}},"4":{"start":{"line":9,"column":13},"end":{"line":9,"column":null}}},"fnMap":{},"branchMap":{},"s":{"0":0,"1":0,"2":0,"3":0,"4":0},"f":{},"b":{}}
,"/Users/niltongonzano/RicoPE/bk_recetas/src/sentry/sentry.service.ts": {"path":"/Users/niltongonzano/RicoPE/bk_recetas/src/sentry/sentry.service.ts","statementMap":{"0":{"start":{"line":1,"column":0},"end":{"line":1,"column":58}},"1":{"start":{"line":2,"column":0},"end":{"line":2,"column":47}},"2":{"start":{"line":3,"column":0},"end":{"line":3,"column":39}},"3":{"start":{"line":4,"column":0},"end":{"line":4,"column":59}},"4":{"start":{"line":7,"column":7},"end":{"line":19,"column":null}},"5":{"start":{"line":8,"column":31},"end":{"line":8,"column":46}},"6":{"start":{"line":11,"column":16},"end":{"line":12,"column":null}},"7":{"start":{"line":14,"column":4},"end":{"line":17,"column":7}},"8":{"start":{"line":7,"column":13},"end":{"line":7,"column":26}},"9":{"start":{"line":7,"column":13},"end":{"line":19,"column":null}}},"fnMap":{"0":{"name":"(anonymous_11)","decl":{"start":{"line":8,"column":2},"end":{"line":8,"column":31}},"loc":{"start":{"line":8,"column":59},"end":{"line":8,"column":63}}},"1":{"name":"(anonymous_12)","decl":{"start":{"line":10,"column":2},"end":{"line":10,"column":14}},"loc":{"start":{"line":10,"column":14},"end":{"line":18,"column":3}}}},"branchMap":{},"s":{"0":0,"1":0,"2":0,"3":0,"4":0,"5":0,"6":0,"7":0,"8":0,"9":0},"f":{"0":0,"1":0},"b":{}}
}
