{"/Users/niltongonzano/RicoPE/bk_recetas/src/app.module.ts": {"path":"/Users/niltongonzano/RicoPE/bk_recetas/src/app.module.ts","statementMap":{"0":{"start":{"line":1,"column":0},"end":{"line":1,"column":40}},"1":{"start":{"line":2,"column":0},"end":{"line":2,"column":46}},"2":{"start":{"line":3,"column":0},"end":{"line":3,"column":27}},"3":{"start":{"line":4,"column":0},"end":{"line":4,"column":54}},"4":{"start":{"line":5,"column":0},"end":{"line":5,"column":44}},"5":{"start":{"line":19,"column":7},"end":{"line":19,"column":null}},"6":{"start":{"line":19,"column":13},"end":{"line":19,"column":22}},"7":{"start":{"line":19,"column":13},"end":{"line":19,"column":null}}},"fnMap":{},"branchMap":{},"s":{"0":0,"1":0,"2":0,"3":0,"4":0,"5":0,"6":0,"7":0},"f":{},"b":{}}
,"/Users/niltongonzano/RicoPE/bk_recetas/src/configuration.ts": {"path":"/Users/niltongonzano/RicoPE/bk_recetas/src/configuration.ts","statementMap":{"0":{"start":{"line":1,"column":0},"end":{"line":3,"column":3}},"1":{"start":{"line":1,"column":22},"end":{"line":3,"column":2}}},"fnMap":{"0":{"name":"(anonymous_0)","decl":{"start":{"line":1,"column":15},"end":{"line":1,"column":18}},"loc":{"start":{"line":1,"column":22},"end":{"line":3,"column":2}}}},"branchMap":{},"s":{"0":0,"1":0},"f":{"0":0},"b":{}}
,"/Users/niltongonzano/RicoPE/bk_recetas/src/main.ts": {"path":"/Users/niltongonzano/RicoPE/bk_recetas/src/main.ts","statementMap":{"0":{"start":{"line":1,"column":0},"end":{"line":1,"column":48}},"1":{"start":{"line":2,"column":0},"end":{"line":2,"column":43}},"2":{"start":{"line":3,"column":0},"end":{"line":3,"column":65}},"3":{"start":{"line":4,"column":0},"end":{"line":4,"column":24}},"4":{"start":{"line":5,"column":0},"end":{"line":5,"column":43}},"5":{"start":{"line":6,"column":0},"end":{"line":6,"column":28}},"6":{"start":{"line":7,"column":0},"end":{"line":7,"column":41}},"7":{"start":{"line":8,"column":0},"end":{"line":8,"column":70}},"8":{"start":{"line":9,"column":0},"end":{"line":9,"column":72}},"9":{"start":{"line":12,"column":14},"end":{"line":12,"column":49}},"10":{"start":{"line":14,"column":2},"end":{"line":14,"column":79}},"11":{"start":{"line":15,"column":2},"end":{"line":15,"column":50}},"12":{"start":{"line":16,"column":2},"end":{"line":16,"column":54}},"13":{"start":{"line":18,"column":2},"end":{"line":18,"column":20}},"14":{"start":{"line":19,"column":2},"end":{"line":19,"column":18}},"15":{"start":{"line":20,"column":2},"end":{"line":20,"column":61}},"16":{"start":{"line":22,"column":17},"end":{"line":26,"column":12}},"17":{"start":{"line":28,"column":19},"end":{"line":28,"column":60}},"18":{"start":{"line":29,"column":2},"end":{"line":29,"column":44}},"19":{"start":{"line":31,"column":2},"end":{"line":31,"column":25}},"20":{"start":{"line":33,"column":0},"end":{"line":33,"column":12}}},"fnMap":{"0":{"name":"bootstrap","decl":{"start":{"line":11,"column":15},"end":{"line":11,"column":24}},"loc":{"start":{"line":11,"column":24},"end":{"line":32,"column":1}}}},"branchMap":{},"s":{"0":0,"1":0,"2":0,"3":0,"4":0,"5":0,"6":0,"7":0,"8":0,"9":0,"10":0,"11":0,"12":0,"13":0,"14":0,"15":0,"16":0,"17":0,"18":0,"19":0,"20":0},"f":{"0":0},"b":{}}
,"/Users/niltongonzano/RicoPE/bk_recetas/src/common/common.e2e-spec.ts": {"path":"/Users/niltongonzano/RicoPE/bk_recetas/src/common/common.e2e-spec.ts","statementMap":{"0":{"start":{"line":2,"column":0},"end":{"line":2,"column":39}},"1":{"start":{"line":3,"column":0},"end":{"line":3,"column":32}},"2":{"start":{"line":4,"column":0},"end":{"line":4,"column":42}},"3":{"start":{"line":6,"column":0},"end":{"line":31,"column":3}},"4":{"start":{"line":9,"column":2},"end":{"line":16,"column":5}},"5":{"start":{"line":10,"column":22},"end":{"line":12,"column":16}},"6":{"start":{"line":14,"column":4},"end":{"line":14,"column":44}},"7":{"start":{"line":15,"column":4},"end":{"line":15,"column":21}},"8":{"start":{"line":18,"column":2},"end":{"line":26,"column":5}},"9":{"start":{"line":19,"column":4},"end":{"line":25,"column":9}},"10":{"start":{"line":23,"column":8},"end":{"line":23,"column":51}},"11":{"start":{"line":24,"column":8},"end":{"line":24,"column":59}},"12":{"start":{"line":28,"column":2},"end":{"line":30,"column":5}},"13":{"start":{"line":29,"column":4},"end":{"line":29,"column":22}}},"fnMap":{"0":{"name":"(anonymous_1)","decl":{"start":{"line":6,"column":37},"end":{"line":6,"column":40}},"loc":{"start":{"line":6,"column":42},"end":{"line":31,"column":1}}},"1":{"name":"(anonymous_2)","decl":{"start":{"line":9,"column":12},"end":{"line":9,"column":17}},"loc":{"start":{"line":9,"column":23},"end":{"line":16,"column":3}}},"2":{"name":"(anonymous_3)","decl":{"start":{"line":18,"column":30},"end":{"line":18,"column":33}},"loc":{"start":{"line":18,"column":35},"end":{"line":26,"column":3}}},"3":{"name":"(anonymous_4)","decl":{"start":{"line":22,"column":14},"end":{"line":22,"column":17}},"loc":{"start":{"line":22,"column":20},"end":{"line":25,"column":7}}},"4":{"name":"(anonymous_5)","decl":{"start":{"line":28,"column":11},"end":{"line":28,"column":16}},"loc":{"start":{"line":28,"column":22},"end":{"line":30,"column":3}}}},"branchMap":{},"s":{"0":0,"1":0,"2":0,"3":0,"4":0,"5":0,"6":0,"7":0,"8":0,"9":0,"10":0,"11":0,"12":0,"13":0},"f":{"0":0,"1":0,"2":0,"3":0,"4":0},"b":{}}
,"/Users/niltongonzano/RicoPE/bk_recetas/src/common/common.module.ts": {"path":"/Users/niltongonzano/RicoPE/bk_recetas/src/common/common.module.ts","statementMap":{"0":{"start":{"line":1,"column":0},"end":{"line":1,"column":40}},"1":{"start":{"line":2,"column":0},"end":{"line":2,"column":46}},"2":{"start":{"line":3,"column":0},"end":{"line":3,"column":48}},"3":{"start":{"line":4,"column":0},"end":{"line":4,"column":49}},"4":{"start":{"line":5,"column":0},"end":{"line":5,"column":56}},"5":{"start":{"line":22,"column":7},"end":{"line":22,"column":null}},"6":{"start":{"line":22,"column":13},"end":{"line":22,"column":25}},"7":{"start":{"line":22,"column":13},"end":{"line":22,"column":null}},"8":{"start":{"line":15,"column":42},"end":{"line":15,"column":70}}},"fnMap":{"0":{"name":"(anonymous_1)","decl":{"start":{"line":15,"column":18},"end":{"line":15,"column":19}},"loc":{"start":{"line":15,"column":42},"end":{"line":15,"column":70}}}},"branchMap":{},"s":{"0":0,"1":0,"2":0,"3":0,"4":0,"5":0,"6":0,"7":0,"8":0},"f":{"0":0},"b":{}}
,"/Users/niltongonzano/RicoPE/bk_recetas/src/common/common.service.ts": {"path":"/Users/niltongonzano/RicoPE/bk_recetas/src/common/common.service.ts","statementMap":{"0":{"start":{"line":1,"column":0},"end":{"line":1,"column":44}},"1":{"start":{"line":2,"column":0},"end":{"line":2,"column":54}},"2":{"start":{"line":3,"column":0},"end":{"line":3,"column":null}},"3":{"start":{"line":9,"column":0},"end":{"line":9,"column":47}},"4":{"start":{"line":11,"column":0},"end":{"line":11,"column":38}},"5":{"start":{"line":14,"column":26},"end":{"line":59,"column":null}},"6":{"start":{"line":20,"column":21},"end":{"line":20,"column":34}},"7":{"start":{"line":21,"column":21},"end":{"line":21,"column":36}},"8":{"start":{"line":22,"column":44},"end":{"line":22,"column":63}},"9":{"start":{"line":15,"column":19},"end":{"line":15,"column":59}},"10":{"start":{"line":16,"column":19},"end":{"line":17,"column":74}},"11":{"start":{"line":26,"column":21},"end":{"line":26,"column":53}},"12":{"start":{"line":27,"column":19},"end":{"line":27,"column":56}},"13":{"start":{"line":28,"column":4},"end":{"line":31,"column":5}},"14":{"start":{"line":29,"column":6},"end":{"line":29,"column":61}},"15":{"start":{"line":30,"column":6},"end":{"line":30,"column":20}},"16":{"start":{"line":33,"column":4},"end":{"line":57,"column":5}},"17":{"start":{"line":34,"column":21},"end":{"line":34,"column":67}},"18":{"start":{"line":35,"column":18},"end":{"line":35,"column":42}},"19":{"start":{"line":37,"column":23},"end":{"line":49,"column":null}},"20":{"start":{"line":52,"column":6},"end":{"line":52,"column":58}},"21":{"start":{"line":53,"column":6},"end":{"line":53,"column":18}},"22":{"start":{"line":55,"column":6},"end":{"line":55,"column":56}},"23":{"start":{"line":56,"column":6},"end":{"line":56,"column":71}},"24":{"start":{"line":14,"column":13},"end":{"line":14,"column":26}},"25":{"start":{"line":14,"column":13},"end":{"line":59,"column":null}}},"fnMap":{"0":{"name":"(anonymous_4)","decl":{"start":{"line":19,"column":2},"end":{"line":19,"column":null}},"loc":{"start":{"line":22,"column":63},"end":{"line":23,"column":6}}},"1":{"name":"(anonymous_5)","decl":{"start":{"line":25,"column":2},"end":{"line":25,"column":7}},"loc":{"start":{"line":25,"column":55},"end":{"line":58,"column":3}}}},"branchMap":{"0":{"loc":{"start":{"line":25,"column":37},"end":{"line":25,"column":55}},"type":"default-arg","locations":[{"start":{"line":25,"column":54},"end":{"line":25,"column":55}}]},"1":{"loc":{"start":{"line":28,"column":4},"end":{"line":31,"column":5}},"type":"if","locations":[{"start":{"line":28,"column":4},"end":{"line":31,"column":5}}]}},"s":{"0":2,"1":2,"2":2,"3":2,"4":2,"5":2,"6":9,"7":9,"8":9,"9":9,"10":9,"11":8,"12":8,"13":8,"14":1,"15":1,"16":7,"17":7,"18":7,"19":7,"20":5,"21":5,"22":2,"23":2,"24":2,"25":2},"f":{"0":9,"1":8},"b":{"0":[0],"1":[1]}}
,"/Users/niltongonzano/RicoPE/bk_recetas/src/common/config/typeorm.config.ts": {"path":"/Users/niltongonzano/RicoPE/bk_recetas/src/common/config/typeorm.config.ts","statementMap":{"0":{"start":{"line":4,"column":29},"end":{"line":13,"column":2}},"1":{"start":{"line":4,"column":86},"end":{"line":13,"column":2}},"2":{"start":{"line":4,"column":13},"end":{"line":4,"column":29}}},"fnMap":{"0":{"name":"(anonymous_0)","decl":{"start":{"line":4,"column":29},"end":{"line":4,"column":30}},"loc":{"start":{"line":4,"column":86},"end":{"line":13,"column":2}}}},"branchMap":{"0":{"loc":{"start":{"line":7,"column":17},"end":{"line":7,"column":63}},"type":"binary-expr","locations":[{"start":{"line":7,"column":17},"end":{"line":7,"column":53}},{"start":{"line":7,"column":57},"end":{"line":7,"column":63}}]}},"s":{"0":0,"1":0,"2":0},"f":{"0":0},"b":{"0":[0,0]}}
,"/Users/niltongonzano/RicoPE/bk_recetas/src/common/dtos/ingredient.dto.ts": {"path":"/Users/niltongonzano/RicoPE/bk_recetas/src/common/dtos/ingredient.dto.ts","statementMap":{"0":{"start":{"line":1,"column":0},"end":{"line":1,"column":46}},"1":{"start":{"line":2,"column":0},"end":{"line":2,"column":50}},"2":{"start":{"line":4,"column":0},"end":{"line":4,"column":13}},"3":{"start":{"line":5,"column":26},"end":{"line":5,"column":null}},"4":{"start":{"line":6,"column":29},"end":{"line":6,"column":null}},"5":{"start":{"line":7,"column":29},"end":{"line":7,"column":null}}},"fnMap":{},"branchMap":{},"s":{"0":0,"1":0,"2":0,"3":0,"4":0,"5":0},"f":{},"b":{}}
,"/Users/niltongonzano/RicoPE/bk_recetas/src/common/dtos/recipe.dto.ts": {"path":"/Users/niltongonzano/RicoPE/bk_recetas/src/common/dtos/recipe.dto.ts","statementMap":{"0":{"start":{"line":1,"column":0},"end":{"line":1,"column":46}},"1":{"start":{"line":2,"column":0},"end":{"line":2,"column":41}},"2":{"start":{"line":3,"column":0},"end":{"line":3,"column":70}},"3":{"start":{"line":4,"column":0},"end":{"line":4,"column":49}},"4":{"start":{"line":6,"column":0},"end":{"line":6,"column":13}},"5":{"start":{"line":7,"column":26},"end":{"line":7,"column":null}},"6":{"start":{"line":8,"column":29},"end":{"line":8,"column":null}},"7":{"start":{"line":9,"column":29},"end":{"line":9,"column":null}},"8":{"start":{"line":10,"column":26},"end":{"line":10,"column":null}},"9":{"start":{"line":11,"column":26},"end":{"line":11,"column":null}},"10":{"start":{"line":12,"column":30},"end":{"line":12,"column":null}},"11":{"start":{"line":13,"column":30},"end":{"line":13,"column":null}},"12":{"start":{"line":14,"column":30},"end":{"line":14,"column":null}},"13":{"start":{"line":19,"column":2},"end":{"line":19,"column":null}},"14":{"start":{"line":18,"column":14},"end":{"line":18,"column":27}},"15":{"start":{"line":21,"column":29},"end":{"line":21,"column":null}},"16":{"start":{"line":22,"column":29},"end":{"line":22,"column":null}}},"fnMap":{"0":{"name":"(anonymous_2)","decl":{"start":{"line":18,"column":8},"end":{"line":18,"column":11}},"loc":{"start":{"line":18,"column":14},"end":{"line":18,"column":27}}}},"branchMap":{},"s":{"0":0,"1":0,"2":0,"3":0,"4":0,"5":0,"6":0,"7":0,"8":0,"9":0,"10":0,"11":0,"12":0,"13":0,"14":0,"15":0,"16":0},"f":{"0":0},"b":{}}
,"/Users/niltongonzano/RicoPE/bk_recetas/src/filters/http-exception.filter.ts": {"path":"/Users/niltongonzano/RicoPE/bk_recetas/src/filters/http-exception.filter.ts","statementMap":{"0":{"start":{"line":1,"column":0},"end":{"line":1,"column":94}},"1":{"start":{"line":4,"column":32},"end":{"line":24,"column":null}},"2":{"start":{"line":5,"column":19},"end":{"line":5,"column":65}},"3":{"start":{"line":8,"column":16},"end":{"line":8,"column":35}},"4":{"start":{"line":9,"column":21},"end":{"line":9,"column":38}},"5":{"start":{"line":10,"column":20},"end":{"line":10,"column":36}},"6":{"start":{"line":12,"column":19},"end":{"line":12,"column":83}},"7":{"start":{"line":13,"column":20},"end":{"line":13,"column":106}},"8":{"start":{"line":15,"column":4},"end":{"line":15,"column":90}},"9":{"start":{"line":17,"column":4},"end":{"line":22,"column":7}},"10":{"start":{"line":4,"column":13},"end":{"line":4,"column":32}},"11":{"start":{"line":4,"column":13},"end":{"line":24,"column":null}}},"fnMap":{"0":{"name":"(anonymous_1)","decl":{"start":{"line":4,"column":7},"end":{"line":4,"column":13}},"loc":{"start":{"line":4,"column":7},"end":{"line":24,"column":1}}},"1":{"name":"(anonymous_2)","decl":{"start":{"line":7,"column":2},"end":{"line":7,"column":7}},"loc":{"start":{"line":7,"column":47},"end":{"line":23,"column":3}}}},"branchMap":{"0":{"loc":{"start":{"line":12,"column":19},"end":{"line":12,"column":83}},"type":"cond-expr","locations":[{"start":{"line":12,"column":56},"end":{"line":12,"column":77}},{"start":{"line":12,"column":80},"end":{"line":12,"column":83}}]},"1":{"loc":{"start":{"line":13,"column":20},"end":{"line":13,"column":106}},"type":"cond-expr","locations":[{"start":{"line":13,"column":57},"end":{"line":13,"column":80}},{"start":{"line":13,"column":83},"end":{"line":13,"column":106}}]}},"s":{"0":0,"1":0,"2":0,"3":0,"4":0,"5":0,"6":0,"7":0,"8":0,"9":0,"10":0,"11":0},"f":{"0":0,"1":0},"b":{"0":[0,0],"1":[0,0]}}
,"/Users/niltongonzano/RicoPE/bk_recetas/src/interceptors/logging.interceptor.ts": {"path":"/Users/niltongonzano/RicoPE/bk_recetas/src/interceptors/logging.interceptor.ts","statementMap":{"0":{"start":{"line":1,"column":0},"end":{"line":1,"column":null}},"1":{"start":{"line":8,"column":0},"end":{"line":8,"column":39}},"2":{"start":{"line":11,"column":7},"end":{"line":28,"column":null}},"3":{"start":{"line":12,"column":10},"end":{"line":12,"column":38}},"4":{"start":{"line":15,"column":16},"end":{"line":15,"column":51}},"5":{"start":{"line":16,"column":19},"end":{"line":16,"column":29}},"6":{"start":{"line":17,"column":16},"end":{"line":17,"column":23}},"7":{"start":{"line":19,"column":16},"end":{"line":19,"column":26}},"8":{"start":{"line":20,"column":4},"end":{"line":20,"column":58}},"9":{"start":{"line":22,"column":4},"end":{"line":26,"column":6}},"10":{"start":{"line":24,"column":8},"end":{"line":24,"column":82}},"11":{"start":{"line":11,"column":13},"end":{"line":11,"column":31}},"12":{"start":{"line":11,"column":13},"end":{"line":28,"column":null}}},"fnMap":{"0":{"name":"(anonymous_1)","decl":{"start":{"line":11,"column":7},"end":{"line":11,"column":13}},"loc":{"start":{"line":11,"column":7},"end":{"line":28,"column":1}}},"1":{"name":"(anonymous_2)","decl":{"start":{"line":14,"column":2},"end":{"line":14,"column":11}},"loc":{"start":{"line":14,"column":56},"end":{"line":27,"column":3}}},"2":{"name":"(anonymous_3)","decl":{"start":{"line":23,"column":10},"end":{"line":23,"column":13}},"loc":{"start":{"line":24,"column":8},"end":{"line":24,"column":82}}}},"branchMap":{},"s":{"0":0,"1":0,"2":0,"3":0,"4":0,"5":0,"6":0,"7":0,"8":0,"9":0,"10":0,"11":0,"12":0},"f":{"0":0,"1":0,"2":0},"b":{}}
,"/Users/niltongonzano/RicoPE/bk_recetas/src/middleware/security.middleware.ts": {"path":"/Users/niltongonzano/RicoPE/bk_recetas/src/middleware/security.middleware.ts","statementMap":{"0":{"start":{"line":1,"column":0},"end":{"line":1,"column":60}},"1":{"start":{"line":2,"column":0},"end":{"line":2,"column":24}},"2":{"start":{"line":3,"column":0},"end":{"line":3,"column":43}},"3":{"start":{"line":4,"column":0},"end":{"line":4,"column":28}},"4":{"start":{"line":7,"column":7},"end":{"line":16,"column":null}},"5":{"start":{"line":9,"column":4},"end":{"line":9,"column":33}},"6":{"start":{"line":10,"column":4},"end":{"line":10,"column":31}},"7":{"start":{"line":11,"column":4},"end":{"line":14,"column":23}},"8":{"start":{"line":7,"column":13},"end":{"line":7,"column":31}},"9":{"start":{"line":7,"column":13},"end":{"line":16,"column":null}}},"fnMap":{"0":{"name":"(anonymous_2)","decl":{"start":{"line":8,"column":2},"end":{"line":8,"column":5}},"loc":{"start":{"line":8,"column":42},"end":{"line":15,"column":3}}},"1":{"name":"(anonymous_3)","decl":{"start":{"line":9,"column":23},"end":{"line":9,"column":26}},"loc":{"start":{"line":9,"column":28},"end":{"line":9,"column":31}}},"2":{"name":"(anonymous_4)","decl":{"start":{"line":10,"column":21},"end":{"line":10,"column":24}},"loc":{"start":{"line":10,"column":26},"end":{"line":10,"column":29}}}},"branchMap":{},"s":{"0":0,"1":0,"2":0,"3":0,"4":0,"5":0,"6":0,"7":0,"8":0,"9":0},"f":{"0":0,"1":0,"2":0},"b":{}}
}
