TN:
SF:src/app.module.ts
FNF:0
FNH:0
DA:1,0
DA:2,0
DA:3,0
DA:4,0
DA:5,0
DA:19,0
LF:6
LH:0
BRF:0
BRH:0
end_of_record
TN:
SF:src/configuration.ts
FN:1,(anonymous_0)
FNF:1
FNH:0
FNDA:0,(anonymous_0)
DA:1,0
LF:1
LH:0
BRF:0
BRH:0
end_of_record
TN:
SF:src/main.ts
FN:11,bootstrap
FNF:1
FNH:0
FNDA:0,bootstrap
DA:1,0
DA:2,0
DA:3,0
DA:4,0
DA:5,0
DA:6,0
DA:7,0
DA:8,0
DA:9,0
DA:12,0
DA:14,0
DA:15,0
DA:16,0
DA:18,0
DA:19,0
DA:20,0
DA:22,0
DA:28,0
DA:29,0
DA:31,0
DA:33,0
LF:21
LH:0
BRF:0
BRH:0
end_of_record
TN:
SF:src/common/common.e2e-spec.ts
FN:6,(anonymous_1)
FN:9,(anonymous_2)
FN:18,(anonymous_3)
FN:22,(anonymous_4)
FN:28,(anonymous_5)
FNF:5
FNH:0
FNDA:0,(anonymous_1)
FNDA:0,(anonymous_2)
FNDA:0,(anonymous_3)
FNDA:0,(anonymous_4)
FNDA:0,(anonymous_5)
DA:2,0
DA:3,0
DA:4,0
DA:6,0
DA:9,0
DA:10,0
DA:14,0
DA:15,0
DA:18,0
DA:19,0
DA:23,0
DA:24,0
DA:28,0
DA:29,0
LF:14
LH:0
BRF:0
BRH:0
end_of_record
TN:
SF:src/common/common.module.ts
FN:15,(anonymous_1)
FNF:1
FNH:0
FNDA:0,(anonymous_1)
DA:1,0
DA:2,0
DA:3,0
DA:4,0
DA:5,0
DA:15,0
DA:22,0
LF:7
LH:0
BRF:0
BRH:0
end_of_record
TN:
SF:src/common/common.service.ts
FN:19,(anonymous_4)
FN:25,(anonymous_5)
FNF:2
FNH:2
FNDA:9,(anonymous_4)
FNDA:8,(anonymous_5)
DA:1,2
DA:2,2
DA:3,2
DA:9,2
DA:11,2
DA:14,2
DA:15,9
DA:16,9
DA:20,9
DA:21,9
DA:22,9
DA:26,8
DA:27,8
DA:28,8
DA:29,1
DA:30,1
DA:33,7
DA:34,7
DA:35,7
DA:37,7
DA:52,5
DA:53,5
DA:55,2
DA:56,2
LF:24
LH:24
BRDA:25,0,0,0
BRDA:28,1,0,1
BRF:2
BRH:1
end_of_record
TN:
SF:src/common/config/typeorm.config.ts
FN:4,(anonymous_0)
FNF:1
FNH:0
FNDA:0,(anonymous_0)
DA:4,0
LF:1
LH:0
BRDA:7,0,0,0
BRDA:7,0,1,0
BRF:2
BRH:0
end_of_record
TN:
SF:src/common/dtos/ingredient.dto.ts
FNF:0
FNH:0
DA:1,0
DA:2,0
DA:4,0
DA:5,0
DA:6,0
DA:7,0
LF:6
LH:0
BRF:0
BRH:0
end_of_record
TN:
SF:src/common/dtos/recipe.dto.ts
FN:18,(anonymous_2)
FNF:1
FNH:0
FNDA:0,(anonymous_2)
DA:1,0
DA:2,0
DA:3,0
DA:4,0
DA:6,0
DA:7,0
DA:8,0
DA:9,0
DA:10,0
DA:11,0
DA:12,0
DA:13,0
DA:14,0
DA:18,0
DA:19,0
DA:21,0
DA:22,0
LF:17
LH:0
BRF:0
BRH:0
end_of_record
TN:
SF:src/filters/http-exception.filter.ts
FN:4,(anonymous_1)
FN:7,(anonymous_2)
FNF:2
FNH:0
FNDA:0,(anonymous_1)
FNDA:0,(anonymous_2)
DA:1,0
DA:4,0
DA:5,0
DA:8,0
DA:9,0
DA:10,0
DA:12,0
DA:13,0
DA:15,0
DA:17,0
LF:10
LH:0
BRDA:12,0,0,0
BRDA:12,0,1,0
BRDA:13,1,0,0
BRDA:13,1,1,0
BRF:4
BRH:0
end_of_record
TN:
SF:src/interceptors/logging.interceptor.ts
FN:11,(anonymous_1)
FN:14,(anonymous_2)
FN:23,(anonymous_3)
FNF:3
FNH:0
FNDA:0,(anonymous_1)
FNDA:0,(anonymous_2)
FNDA:0,(anonymous_3)
DA:1,0
DA:8,0
DA:11,0
DA:12,0
DA:15,0
DA:16,0
DA:17,0
DA:19,0
DA:20,0
DA:22,0
DA:24,0
LF:11
LH:0
BRF:0
BRH:0
end_of_record
TN:
SF:src/middleware/security.middleware.ts
FN:8,(anonymous_2)
FN:9,(anonymous_3)
FN:10,(anonymous_4)
FNF:3
FNH:0
FNDA:0,(anonymous_2)
FNDA:0,(anonymous_3)
FNDA:0,(anonymous_4)
DA:1,0
DA:2,0
DA:3,0
DA:4,0
DA:7,0
DA:9,0
DA:10,0
DA:11,0
LF:8
LH:0
BRF:0
BRH:0
end_of_record
